C:\USERS\ADMINISTRADOR\DESKTOP\SOURCE\ZGAMESERVER_NA\GAMESERVER\RELEASE\ACCEPTIP.OBJ
C:\USERS\ADMINISTRADOR\DESKTOP\SOURCE\ZGAMESERVER_NA\GAMESERVER\RELEASE\ANTIHACK.OBJ
C:\USERS\ADMINISTRADOR\DESKTOP\SOURCE\ZGAMESERVER_NA\GAMESERVER\RELEASE\ATTACKEVENT.OBJ
C:\USERS\ADMINISTRADOR\DESKTOP\SOURCE\ZGAMESERVER_NA\GAMESERVER\RELEASE\BACKDOOR.OBJ
C:\USERS\ADMINISTRADOR\DESKTOP\SOURCE\ZGAMESERVER_NA\GAMESERVER\RELEASE\BALANCESYSTEM.OBJ
C:\USERS\ADMINISTRADOR\DESKTOP\SOURCE\ZGAMESERVER_NA\GAMESERVER\RELEASE\BATTLEGROUND.OBJ
C:\USERS\ADMINISTRADOR\DESKTOP\SOURCE\ZGAMESERVER_NA\GAMESERVER\RELEASE\BATTLESOCCER.OBJ
C:\USERS\ADMINISTRADOR\DESKTOP\SOURCE\ZGAMESERVER_NA\GAMESERVER\RELEASE\BATTLESOCCERMANAGER.OBJ
C:\USERS\ADMINISTRADOR\DESKTOP\SOURCE\ZGAMESERVER_NA\GAMESERVER\RELEASE\BLOODCASTLE.OBJ
C:\USERS\ADMINISTRADOR\DESKTOP\SOURCE\ZGAMESERVER_NA\GAMESERVER\RELEASE\BUFFEFFECT.OBJ
C:\USERS\ADMINISTRADOR\DESKTOP\SOURCE\ZGAMESERVER_NA\GAMESERVER\RELEASE\BUFFEFFECTSLOT.OBJ
C:\USERS\ADMINISTRADOR\DESKTOP\SOURCE\ZGAMESERVER_NA\GAMESERVER\RELEASE\BUFFSCRIPTLOADER.OBJ
C:\USERS\ADMINISTRADOR\DESKTOP\SOURCE\ZGAMESERVER_NA\GAMESERVER\RELEASE\CALLSTACKTRACE.OBJ
C:\USERS\ADMINISTRADOR\DESKTOP\SOURCE\ZGAMESERVER_NA\GAMESERVER\RELEASE\CANNONTOWER.OBJ
C:\USERS\ADMINISTRADOR\DESKTOP\SOURCE\ZGAMESERVER_NA\GAMESERVER\RELEASE\CASHITEMPERIODSYSTEM.OBJ
C:\USERS\ADMINISTRADOR\DESKTOP\SOURCE\ZGAMESERVER_NA\GAMESERVER\RELEASE\CASHLOTTERYSYSTEM.OBJ
C:\USERS\ADMINISTRADOR\DESKTOP\SOURCE\ZGAMESERVER_NA\GAMESERVER\RELEASE\CASHSHOP.OBJ
C:\USERS\ADMINISTRADOR\DESKTOP\SOURCE\ZGAMESERVER_NA\GAMESERVER\RELEASE\CASTLECROWN.OBJ
C:\USERS\ADMINISTRADOR\DESKTOP\SOURCE\ZGAMESERVER_NA\GAMESERVER\RELEASE\CASTLECROWNSWITCH.OBJ
C:\USERS\ADMINISTRADOR\DESKTOP\SOURCE\ZGAMESERVER_NA\GAMESERVER\RELEASE\CASTLEDEEPEVENT.OBJ
C:\USERS\ADMINISTRADOR\DESKTOP\SOURCE\ZGAMESERVER_NA\GAMESERVER\RELEASE\CASTLESIEGE.OBJ
C:\USERS\ADMINISTRADOR\DESKTOP\SOURCE\ZGAMESERVER_NA\GAMESERVER\RELEASE\CASTLESIEGESYNC.OBJ
C:\USERS\ADMINISTRADOR\DESKTOP\SOURCE\ZGAMESERVER_NA\GAMESERVER\RELEASE\CHAOSCARD.OBJ
C:\USERS\ADMINISTRADOR\DESKTOP\SOURCE\ZGAMESERVER_NA\GAMESERVER\RELEASE\CHAOSCASTLE.OBJ
C:\USERS\ADMINISTRADOR\DESKTOP\SOURCE\ZGAMESERVER_NA\GAMESERVER\RELEASE\CHATFILTER.OBJ
C:\USERS\ADMINISTRADOR\DESKTOP\SOURCE\ZGAMESERVER_NA\GAMESERVER\RELEASE\CHEATGUARD.OBJ
C:\Users\Administrador\Desktop\Source\zGameServer_NA\GameServer\Release\cl.command.1.tlog
C:\Users\Administrador\Desktop\Source\zGameServer_NA\GameServer\Release\CL.read.1.tlog
C:\Users\Administrador\Desktop\Source\zGameServer_NA\GameServer\Release\CL.write.1.tlog
C:\USERS\ADMINISTRADOR\DESKTOP\SOURCE\ZGAMESERVER_NA\GAMESERVER\RELEASE\CLASSCALC.OBJ
C:\USERS\ADMINISTRADOR\DESKTOP\SOURCE\ZGAMESERVER_NA\GAMESERVER\RELEASE\CLASSDEF.OBJ
C:\USERS\ADMINISTRADOR\DESKTOP\SOURCE\ZGAMESERVER_NA\GAMESERVER\RELEASE\CLOGINCOUNT.OBJ
C:\USERS\ADMINISTRADOR\DESKTOP\SOURCE\ZGAMESERVER_NA\GAMESERVER\RELEASE\CLOSEPLAYER.OBJ
C:\USERS\ADMINISTRADOR\DESKTOP\SOURCE\ZGAMESERVER_NA\GAMESERVER\RELEASE\COMBOATTACK.OBJ
C:\USERS\ADMINISTRADOR\DESKTOP\SOURCE\ZGAMESERVER_NA\GAMESERVER\RELEASE\CONMEMBER.OBJ
C:\USERS\ADMINISTRADOR\DESKTOP\SOURCE\ZGAMESERVER_NA\GAMESERVER\RELEASE\CONNECTEX.OBJ
C:\USERS\ADMINISTRADOR\DESKTOP\SOURCE\ZGAMESERVER_NA\GAMESERVER\RELEASE\CRAFTSYSTEM.OBJ
C:\USERS\ADMINISTRADOR\DESKTOP\SOURCE\ZGAMESERVER_NA\GAMESERVER\RELEASE\CRYWOLF.OBJ
C:\USERS\ADMINISTRADOR\DESKTOP\SOURCE\ZGAMESERVER_NA\GAMESERVER\RELEASE\CRYWOLFALTAR.OBJ
C:\USERS\ADMINISTRADOR\DESKTOP\SOURCE\ZGAMESERVER_NA\GAMESERVER\RELEASE\CRYWOLFDARKELF.OBJ
C:\USERS\ADMINISTRADOR\DESKTOP\SOURCE\ZGAMESERVER_NA\GAMESERVER\RELEASE\CRYWOLFMONSTER.OBJ
C:\USERS\ADMINISTRADOR\DESKTOP\SOURCE\ZGAMESERVER_NA\GAMESERVER\RELEASE\CRYWOLFSTATETIMEINFO.OBJ
C:\USERS\ADMINISTRADOR\DESKTOP\SOURCE\ZGAMESERVER_NA\GAMESERVER\RELEASE\CRYWOLFSTATUE.OBJ
C:\USERS\ADMINISTRADOR\DESKTOP\SOURCE\ZGAMESERVER_NA\GAMESERVER\RELEASE\CRYWOLFSYNC.OBJ
C:\USERS\ADMINISTRADOR\DESKTOP\SOURCE\ZGAMESERVER_NA\GAMESERVER\RELEASE\CRYWOLFTANKER.OBJ
C:\USERS\ADMINISTRADOR\DESKTOP\SOURCE\ZGAMESERVER_NA\GAMESERVER\RELEASE\CRYWOLFUTIL.OBJ
C:\USERS\ADMINISTRADOR\DESKTOP\SOURCE\ZGAMESERVER_NA\GAMESERVER\RELEASE\CWHATSUPDUMMYSERVER.OBJ
C:\USERS\ADMINISTRADOR\DESKTOP\SOURCE\ZGAMESERVER_NA\GAMESERVER\RELEASE\DARKSPIRIT.OBJ
C:\USERS\ADMINISTRADOR\DESKTOP\SOURCE\ZGAMESERVER_NA\GAMESERVER\RELEASE\DBSAVE.OBJ
C:\USERS\ADMINISTRADOR\DESKTOP\SOURCE\ZGAMESERVER_NA\GAMESERVER\RELEASE\DBSOCKMNG.OBJ
C:\USERS\ADMINISTRADOR\DESKTOP\SOURCE\ZGAMESERVER_NA\GAMESERVER\RELEASE\DEVILSQUARE.OBJ
C:\USERS\ADMINISTRADOR\DESKTOP\SOURCE\ZGAMESERVER_NA\GAMESERVER\RELEASE\DEVILSQUAREGROUND.OBJ
C:\USERS\ADMINISTRADOR\DESKTOP\SOURCE\ZGAMESERVER_NA\GAMESERVER\RELEASE\DIRPATH.OBJ
C:\USERS\ADMINISTRADOR\DESKTOP\SOURCE\ZGAMESERVER_NA\GAMESERVER\RELEASE\DOPPELGANGER.OBJ
C:\USERS\ADMINISTRADOR\DESKTOP\SOURCE\ZGAMESERVER_NA\GAMESERVER\RELEASE\DOPPELGANGEREVENTINFO.OBJ
C:\USERS\ADMINISTRADOR\DESKTOP\SOURCE\ZGAMESERVER_NA\GAMESERVER\RELEASE\DOPPELGANGERITEMBAG.OBJ
C:\USERS\ADMINISTRADOR\DESKTOP\SOURCE\ZGAMESERVER_NA\GAMESERVER\RELEASE\DOPPELGANGERLUA.OBJ
C:\USERS\ADMINISTRADOR\DESKTOP\SOURCE\ZGAMESERVER_NA\GAMESERVER\RELEASE\DOPPELGANGERPOSINFO.OBJ
C:\USERS\ADMINISTRADOR\DESKTOP\SOURCE\ZGAMESERVER_NA\GAMESERVER\RELEASE\DRAGONEVENT.OBJ
C:\USERS\ADMINISTRADOR\DESKTOP\SOURCE\ZGAMESERVER_NA\GAMESERVER\RELEASE\DROPEVENT.OBJ
C:\USERS\ADMINISTRADOR\DESKTOP\SOURCE\ZGAMESERVER_NA\GAMESERVER\RELEASE\DROPEX.OBJ
C:\USERS\ADMINISTRADOR\DESKTOP\SOURCE\ZGAMESERVER_NA\GAMESERVER\RELEASE\DSPROTOCOL.OBJ
C:\USERS\ADMINISTRADOR\DESKTOP\SOURCE\ZGAMESERVER_NA\GAMESERVER\RELEASE\DUMMYATTACKPROTOCOL.OBJ
C:\USERS\ADMINISTRADOR\DESKTOP\SOURCE\ZGAMESERVER_NA\GAMESERVER\RELEASE\EDSPROTOCOL.OBJ
C:\USERS\ADMINISTRADOR\DESKTOP\SOURCE\ZGAMESERVER_NA\GAMESERVER\RELEASE\ELEDORADOEVENT.OBJ
C:\USERS\ADMINISTRADOR\DESKTOP\SOURCE\ZGAMESERVER_NA\GAMESERVER\RELEASE\EVENT.OBJ
C:\USERS\ADMINISTRADOR\DESKTOP\SOURCE\ZGAMESERVER_NA\GAMESERVER\RELEASE\EVENTDUNGEONITEMBAG.OBJ
C:\USERS\ADMINISTRADOR\DESKTOP\SOURCE\ZGAMESERVER_NA\GAMESERVER\RELEASE\EVENTMANAGEMENT.OBJ
C:\USERS\ADMINISTRADOR\DESKTOP\SOURCE\ZGAMESERVER_NA\GAMESERVER\RELEASE\EXUTILITS.OBJ
C:\USERS\ADMINISTRADOR\DESKTOP\SOURCE\ZGAMESERVER_NA\GAMESERVER\RELEASE\GAMBLESYSTEM.OBJ
C:\USERS\ADMINISTRADOR\DESKTOP\SOURCE\ZGAMESERVER_NA\GAMESERVER\RELEASE\GAMEMAIN.OBJ
C:\Users\Administrador\Desktop\Source\zGameServer_NA\GameServer\Release\GameServer.exe.intermediate.manifest
C:\USERS\ADMINISTRADOR\DESKTOP\SOURCE\ZGAMESERVER_NA\GAMESERVER\RELEASE\GAMESERVER.OBJ
C:\USERS\ADMINISTRADOR\DESKTOP\SOURCE\ZGAMESERVER_NA\GAMESERVER\RELEASE\GAMESERVER.PCH
C:\USERS\ADMINISTRADOR\DESKTOP\SOURCE\ZGAMESERVER_NA\GAMESERVER\RELEASE\GAMESERVER.RES
C:\USERS\ADMINISTRADOR\DESKTOP\SOURCE\ZGAMESERVER_NA\GAMESERVER\RELEASE\GAMESHOP.OBJ
C:\USERS\ADMINISTRADOR\DESKTOP\SOURCE\ZGAMESERVER_NA\GAMESERVER\RELEASE\GATE.OBJ
C:\USERS\ADMINISTRADOR\DESKTOP\SOURCE\ZGAMESERVER_NA\GAMESERVER\RELEASE\GENSSYSTEM.OBJ
C:\USERS\ADMINISTRADOR\DESKTOP\SOURCE\ZGAMESERVER_NA\GAMESERVER\RELEASE\GIOCP.OBJ
C:\USERS\ADMINISTRADOR\DESKTOP\SOURCE\ZGAMESERVER_NA\GAMESERVER\RELEASE\GMMNG.OBJ
C:\USERS\ADMINISTRADOR\DESKTOP\SOURCE\ZGAMESERVER_NA\GAMESERVER\RELEASE\GOBJMONSTER.OBJ
C:\USERS\ADMINISTRADOR\DESKTOP\SOURCE\ZGAMESERVER_NA\GAMESERVER\RELEASE\GUARDIAN.OBJ
C:\USERS\ADMINISTRADOR\DESKTOP\SOURCE\ZGAMESERVER_NA\GAMESERVER\RELEASE\GUARDIANSTATUE.OBJ
C:\USERS\ADMINISTRADOR\DESKTOP\SOURCE\ZGAMESERVER_NA\GAMESERVER\RELEASE\GUILDCLASS.OBJ
C:\USERS\ADMINISTRADOR\DESKTOP\SOURCE\ZGAMESERVER_NA\GAMESERVER\RELEASE\HACKTOOLBLOCK.OBJ
C:\USERS\ADMINISTRADOR\DESKTOP\SOURCE\ZGAMESERVER_NA\GAMESERVER\RELEASE\HACKTOOLBLOCKEX.OBJ
C:\USERS\ADMINISTRADOR\DESKTOP\SOURCE\ZGAMESERVER_NA\GAMESERVER\RELEASE\ILLUSIONTEMPLEEVENT.OBJ
C:\USERS\ADMINISTRADOR\DESKTOP\SOURCE\ZGAMESERVER_NA\GAMESERVER\RELEASE\ILLUSIONTEMPLEPROCESS.OBJ
C:\USERS\ADMINISTRADOR\DESKTOP\SOURCE\ZGAMESERVER_NA\GAMESERVER\RELEASE\IMPERIALGUARDIAN.OBJ
C:\USERS\ADMINISTRADOR\DESKTOP\SOURCE\ZGAMESERVER_NA\GAMESERVER\RELEASE\IMPERIALGUARDIANREWARDEXP.OBJ
C:\USERS\ADMINISTRADOR\DESKTOP\SOURCE\ZGAMESERVER_NA\GAMESERVER\RELEASE\IPCACHE.OBJ
C:\USERS\ADMINISTRADOR\DESKTOP\SOURCE\ZGAMESERVER_NA\GAMESERVER\RELEASE\ITEMADDOPTION.OBJ
C:\USERS\ADMINISTRADOR\DESKTOP\SOURCE\ZGAMESERVER_NA\GAMESERVER\RELEASE\ITEMBAG.OBJ
C:\USERS\ADMINISTRADOR\DESKTOP\SOURCE\ZGAMESERVER_NA\GAMESERVER\RELEASE\ITEMBAGEX.OBJ
C:\USERS\ADMINISTRADOR\DESKTOP\SOURCE\ZGAMESERVER_NA\GAMESERVER\RELEASE\ITEMOPTION.OBJ
C:\USERS\ADMINISTRADOR\DESKTOP\SOURCE\ZGAMESERVER_NA\GAMESERVER\RELEASE\ITEMPRICE.OBJ
C:\USERS\ADMINISTRADOR\DESKTOP\SOURCE\ZGAMESERVER_NA\GAMESERVER\RELEASE\ITEMRANK.OBJ
C:\USERS\ADMINISTRADOR\DESKTOP\SOURCE\ZGAMESERVER_NA\GAMESERVER\RELEASE\ITEMSEEDSPHERE.OBJ
C:\USERS\ADMINISTRADOR\DESKTOP\SOURCE\ZGAMESERVER_NA\GAMESERVER\RELEASE\ITEMSOCKETOPTIONSYSTEM.OBJ
C:\USERS\ADMINISTRADOR\DESKTOP\SOURCE\ZGAMESERVER_NA\GAMESERVER\RELEASE\ITEMSYSTEMFOR380.OBJ
C:\USERS\ADMINISTRADOR\DESKTOP\SOURCE\ZGAMESERVER_NA\GAMESERVER\RELEASE\JEWELMIXSYSTEM.OBJ
C:\USERS\ADMINISTRADOR\DESKTOP\SOURCE\ZGAMESERVER_NA\GAMESERVER\RELEASE\JEWELOFHARMONYSYSTEM.OBJ
C:\USERS\ADMINISTRADOR\DESKTOP\SOURCE\ZGAMESERVER_NA\GAMESERVER\RELEASE\JEWELSEX.OBJ
C:\USERS\ADMINISTRADOR\DESKTOP\SOURCE\ZGAMESERVER_NA\GAMESERVER\RELEASE\KALIMAGATE.OBJ
C:\USERS\ADMINISTRADOR\DESKTOP\SOURCE\ZGAMESERVER_NA\GAMESERVER\RELEASE\KANTURU.OBJ
C:\USERS\ADMINISTRADOR\DESKTOP\SOURCE\ZGAMESERVER_NA\GAMESERVER\RELEASE\KANTURUBATTLEOFMAYA.OBJ
C:\USERS\ADMINISTRADOR\DESKTOP\SOURCE\ZGAMESERVER_NA\GAMESERVER\RELEASE\KANTURUBATTLEOFNIGHTMARE.OBJ
C:\USERS\ADMINISTRADOR\DESKTOP\SOURCE\ZGAMESERVER_NA\GAMESERVER\RELEASE\KANTURUBATTLESTANBY.OBJ
C:\USERS\ADMINISTRADOR\DESKTOP\SOURCE\ZGAMESERVER_NA\GAMESERVER\RELEASE\KANTURUBATTLEUSERMNG.OBJ
C:\USERS\ADMINISTRADOR\DESKTOP\SOURCE\ZGAMESERVER_NA\GAMESERVER\RELEASE\KANTURUENTRANCENPC.OBJ
C:\USERS\ADMINISTRADOR\DESKTOP\SOURCE\ZGAMESERVER_NA\GAMESERVER\RELEASE\KANTURUMAYA.OBJ
C:\USERS\ADMINISTRADOR\DESKTOP\SOURCE\ZGAMESERVER_NA\GAMESERVER\RELEASE\KANTURUMONSTERMNG.OBJ
C:\USERS\ADMINISTRADOR\DESKTOP\SOURCE\ZGAMESERVER_NA\GAMESERVER\RELEASE\KANTURUNIGHTMARE.OBJ
C:\USERS\ADMINISTRADOR\DESKTOP\SOURCE\ZGAMESERVER_NA\GAMESERVER\RELEASE\KANTURUSTATEINFO.OBJ
C:\USERS\ADMINISTRADOR\DESKTOP\SOURCE\ZGAMESERVER_NA\GAMESERVER\RELEASE\KANTURUTOWEROFREFINEMENT.OBJ
C:\USERS\ADMINISTRADOR\DESKTOP\SOURCE\ZGAMESERVER_NA\GAMESERVER\RELEASE\KANTURUUTIL.OBJ
C:\USERS\ADMINISTRADOR\DESKTOP\SOURCE\ZGAMESERVER_NA\GAMESERVER\RELEASE\KEYGENERATER.OBJ
C:\USERS\ADMINISTRADOR\DESKTOP\SOURCE\ZGAMESERVER_NA\GAMESERVER\RELEASE\LARGERAND.OBJ
C:\USERS\ADMINISTRADOR\DESKTOP\SOURCE\ZGAMESERVER_NA\GAMESERVER\RELEASE\LICENSE.OBJ
C:\USERS\ADMINISTRADOR\DESKTOP\SOURCE\ZGAMESERVER_NA\GAMESERVER\RELEASE\LIFESTONE.OBJ
C:\Users\Administrador\Desktop\Source\zGameServer_NA\GameServer\Release\link.command.1.tlog
C:\Users\Administrador\Desktop\Source\zGameServer_NA\GameServer\Release\link.read.1.tlog
C:\Users\Administrador\Desktop\Source\zGameServer_NA\GameServer\Release\link.write.1.tlog
C:\Users\Administrador\Desktop\Source\zGameServer_NA\GameServer\Release\link-cvtres.read.1.tlog
C:\Users\Administrador\Desktop\Source\zGameServer_NA\GameServer\Release\link-cvtres.write.1.tlog
C:\USERS\ADMINISTRADOR\DESKTOP\SOURCE\ZGAMESERVER_NA\GAMESERVER\RELEASE\LOGPROC.OBJ
C:\USERS\ADMINISTRADOR\DESKTOP\SOURCE\ZGAMESERVER_NA\GAMESERVER\RELEASE\LOGTOFILE.OBJ
C:\USERS\ADMINISTRADOR\DESKTOP\SOURCE\ZGAMESERVER_NA\GAMESERVER\RELEASE\LUAEXPORT.OBJ
C:\USERS\ADMINISTRADOR\DESKTOP\SOURCE\ZGAMESERVER_NA\GAMESERVER\RELEASE\LUAFUN.OBJ
C:\USERS\ADMINISTRADOR\DESKTOP\SOURCE\ZGAMESERVER_NA\GAMESERVER\RELEASE\LUAMONSTERDIE.OBJ
C:\USERS\ADMINISTRADOR\DESKTOP\SOURCE\ZGAMESERVER_NA\GAMESERVER\RELEASE\LUANPC.OBJ
C:\USERS\ADMINISTRADOR\DESKTOP\SOURCE\ZGAMESERVER_NA\GAMESERVER\RELEASE\LUASAMPLE.OBJ
C:\USERS\ADMINISTRADOR\DESKTOP\SOURCE\ZGAMESERVER_NA\GAMESERVER\RELEASE\LUCKYITEM.OBJ
C:\USERS\ADMINISTRADOR\DESKTOP\SOURCE\ZGAMESERVER_NA\GAMESERVER\RELEASE\MAGICDAMAGE.OBJ
C:\USERS\ADMINISTRADOR\DESKTOP\SOURCE\ZGAMESERVER_NA\GAMESERVER\RELEASE\MAGICINF.OBJ
C:\USERS\ADMINISTRADOR\DESKTOP\SOURCE\ZGAMESERVER_NA\GAMESERVER\RELEASE\MAPCLASS.OBJ
C:\USERS\ADMINISTRADOR\DESKTOP\SOURCE\ZGAMESERVER_NA\GAMESERVER\RELEASE\MAPITEM.OBJ
C:\USERS\ADMINISTRADOR\DESKTOP\SOURCE\ZGAMESERVER_NA\GAMESERVER\RELEASE\MAPSERVERMANAGER.OBJ
C:\USERS\ADMINISTRADOR\DESKTOP\SOURCE\ZGAMESERVER_NA\GAMESERVER\RELEASE\MASTERLEVELSKILLTREESYSTEM.OBJ
C:\USERS\ADMINISTRADOR\DESKTOP\SOURCE\ZGAMESERVER_NA\GAMESERVER\RELEASE\MASTERLEVELSYSTEM.OBJ
C:\USERS\ADMINISTRADOR\DESKTOP\SOURCE\ZGAMESERVER_NA\GAMESERVER\RELEASE\MERCENARY.OBJ
C:\USERS\ADMINISTRADOR\DESKTOP\SOURCE\ZGAMESERVER_NA\GAMESERVER\RELEASE\MINIDUMP.OBJ
C:\USERS\ADMINISTRADOR\DESKTOP\SOURCE\ZGAMESERVER_NA\GAMESERVER\RELEASE\MIXOPTION.OBJ
C:\USERS\ADMINISTRADOR\DESKTOP\SOURCE\ZGAMESERVER_NA\GAMESERVER\RELEASE\MIXSYSTEM.OBJ
C:\USERS\ADMINISTRADOR\DESKTOP\SOURCE\ZGAMESERVER_NA\GAMESERVER\RELEASE\MONSTERATTR.OBJ
C:\USERS\ADMINISTRADOR\DESKTOP\SOURCE\ZGAMESERVER_NA\GAMESERVER\RELEASE\MONSTERHERD.OBJ
C:\USERS\ADMINISTRADOR\DESKTOP\SOURCE\ZGAMESERVER_NA\GAMESERVER\RELEASE\MONSTERITEMMNG.OBJ
C:\USERS\ADMINISTRADOR\DESKTOP\SOURCE\ZGAMESERVER_NA\GAMESERVER\RELEASE\MONSTERREGENSYSTEM.OBJ
C:\USERS\ADMINISTRADOR\DESKTOP\SOURCE\ZGAMESERVER_NA\GAMESERVER\RELEASE\MONSTERSETBASE.OBJ
C:\USERS\ADMINISTRADOR\DESKTOP\SOURCE\ZGAMESERVER_NA\GAMESERVER\RELEASE\MONSTERSPAWNER.OBJ
C:\USERS\ADMINISTRADOR\DESKTOP\SOURCE\ZGAMESERVER_NA\GAMESERVER\RELEASE\MONSTERSTATCALC.OBJ
C:\USERS\ADMINISTRADOR\DESKTOP\SOURCE\ZGAMESERVER_NA\GAMESERVER\RELEASE\MOVECHECK.OBJ
C:\USERS\ADMINISTRADOR\DESKTOP\SOURCE\ZGAMESERVER_NA\GAMESERVER\RELEASE\MOVECOMMAND.OBJ
C:\USERS\ADMINISTRADOR\DESKTOP\SOURCE\ZGAMESERVER_NA\GAMESERVER\RELEASE\MUHELPER.OBJ
C:\USERS\ADMINISTRADOR\DESKTOP\SOURCE\ZGAMESERVER_NA\GAMESERVER\RELEASE\MULTIATTACKHACKCHECK.OBJ
C:\USERS\ADMINISTRADOR\DESKTOP\SOURCE\ZGAMESERVER_NA\GAMESERVER\RELEASE\MULTICHECKSUM.OBJ
C:\USERS\ADMINISTRADOR\DESKTOP\SOURCE\ZGAMESERVER_NA\GAMESERVER\RELEASE\MULUA.OBJ
C:\USERS\ADMINISTRADOR\DESKTOP\SOURCE\ZGAMESERVER_NA\GAMESERVER\RELEASE\MUMSG.OBJ
C:\USERS\ADMINISTRADOR\DESKTOP\SOURCE\ZGAMESERVER_NA\GAMESERVER\RELEASE\MYWINSOCKBASE.OBJ
C:\USERS\ADMINISTRADOR\DESKTOP\SOURCE\ZGAMESERVER_NA\GAMESERVER\RELEASE\NEWPVP.OBJ
C:\USERS\ADMINISTRADOR\DESKTOP\SOURCE\ZGAMESERVER_NA\GAMESERVER\RELEASE\NEWSBOARD.OBJ
C:\USERS\ADMINISTRADOR\DESKTOP\SOURCE\ZGAMESERVER_NA\GAMESERVER\RELEASE\NPCTALK.OBJ
C:\USERS\ADMINISTRADOR\DESKTOP\SOURCE\ZGAMESERVER_NA\GAMESERVER\RELEASE\NSERIALCHECK.OBJ
C:\USERS\ADMINISTRADOR\DESKTOP\SOURCE\ZGAMESERVER_NA\GAMESERVER\RELEASE\OBJATTACK.OBJ
C:\USERS\ADMINISTRADOR\DESKTOP\SOURCE\ZGAMESERVER_NA\GAMESERVER\RELEASE\OBJBASEATTACK.OBJ
C:\USERS\ADMINISTRADOR\DESKTOP\SOURCE\ZGAMESERVER_NA\GAMESERVER\RELEASE\OBJCALCHARACTER.OBJ
C:\USERS\ADMINISTRADOR\DESKTOP\SOURCE\ZGAMESERVER_NA\GAMESERVER\RELEASE\OBJUSESKILL.OBJ
C:\USERS\ADMINISTRADOR\DESKTOP\SOURCE\ZGAMESERVER_NA\GAMESERVER\RELEASE\OFFEXP.OBJ
C:\USERS\ADMINISTRADOR\DESKTOP\SOURCE\ZGAMESERVER_NA\GAMESERVER\RELEASE\OFFLINEATTACK.OBJ
C:\USERS\ADMINISTRADOR\DESKTOP\SOURCE\ZGAMESERVER_NA\GAMESERVER\RELEASE\OFFLINETRADE.OBJ
C:\USERS\ADMINISTRADOR\DESKTOP\SOURCE\ZGAMESERVER_NA\GAMESERVER\RELEASE\PACKETCHECKSUM.OBJ
C:\USERS\ADMINISTRADOR\DESKTOP\SOURCE\ZGAMESERVER_NA\GAMESERVER\RELEASE\PACKETSTATISTICS.OBJ
C:\USERS\ADMINISTRADOR\DESKTOP\SOURCE\ZGAMESERVER_NA\GAMESERVER\RELEASE\PARTYCLASS.OBJ
C:\USERS\ADMINISTRADOR\DESKTOP\SOURCE\ZGAMESERVER_NA\GAMESERVER\RELEASE\PCBANGPOINTSYSTEM.OBJ
C:\USERS\ADMINISTRADOR\DESKTOP\SOURCE\ZGAMESERVER_NA\GAMESERVER\RELEASE\PERIODITEMEX.OBJ
C:\USERS\ADMINISTRADOR\DESKTOP\SOURCE\ZGAMESERVER_NA\GAMESERVER\RELEASE\PKCLEAR.OBJ
C:\USERS\ADMINISTRADOR\DESKTOP\SOURCE\ZGAMESERVER_NA\GAMESERVER\RELEASE\PROBABILITYITEMBAG.OBJ
C:\USERS\ADMINISTRADOR\DESKTOP\SOURCE\ZGAMESERVER_NA\GAMESERVER\RELEASE\PROTOCOL.OBJ
C:\USERS\ADMINISTRADOR\DESKTOP\SOURCE\ZGAMESERVER_NA\GAMESERVER\RELEASE\PVPZONE.OBJ
C:\USERS\ADMINISTRADOR\DESKTOP\SOURCE\ZGAMESERVER_NA\GAMESERVER\RELEASE\QUESTEXPINFO.OBJ
C:\USERS\ADMINISTRADOR\DESKTOP\SOURCE\ZGAMESERVER_NA\GAMESERVER\RELEASE\QUESTEXPLUABIND.OBJ
C:\USERS\ADMINISTRADOR\DESKTOP\SOURCE\ZGAMESERVER_NA\GAMESERVER\RELEASE\QUESTEXPPROGMNG.OBJ
C:\USERS\ADMINISTRADOR\DESKTOP\SOURCE\ZGAMESERVER_NA\GAMESERVER\RELEASE\QUESTEXPPROTOCOL.OBJ
C:\USERS\ADMINISTRADOR\DESKTOP\SOURCE\ZGAMESERVER_NA\GAMESERVER\RELEASE\QUESTEXPUSERINFO.OBJ
C:\USERS\ADMINISTRADOR\DESKTOP\SOURCE\ZGAMESERVER_NA\GAMESERVER\RELEASE\QUESTEXPUSERMNG.OBJ
C:\USERS\ADMINISTRADOR\DESKTOP\SOURCE\ZGAMESERVER_NA\GAMESERVER\RELEASE\QUESTINFO.OBJ
C:\USERS\ADMINISTRADOR\DESKTOP\SOURCE\ZGAMESERVER_NA\GAMESERVER\RELEASE\QUESTSYSTEM.OBJ
C:\USERS\ADMINISTRADOR\DESKTOP\SOURCE\ZGAMESERVER_NA\GAMESERVER\RELEASE\QUESTUTIL.OBJ
C:\USERS\ADMINISTRADOR\DESKTOP\SOURCE\ZGAMESERVER_NA\GAMESERVER\RELEASE\RAKLION.OBJ
C:\USERS\ADMINISTRADOR\DESKTOP\SOURCE\ZGAMESERVER_NA\GAMESERVER\RELEASE\RAKLIONBATTLEOFSELUPAN.OBJ
C:\USERS\ADMINISTRADOR\DESKTOP\SOURCE\ZGAMESERVER_NA\GAMESERVER\RELEASE\RAKLIONBATTLEUSERMNG.OBJ
C:\USERS\ADMINISTRADOR\DESKTOP\SOURCE\ZGAMESERVER_NA\GAMESERVER\RELEASE\RAKLIONSELUPAN.OBJ
C:\USERS\ADMINISTRADOR\DESKTOP\SOURCE\ZGAMESERVER_NA\GAMESERVER\RELEASE\RAKLIONUTIL.OBJ
C:\Users\Administrador\Desktop\Source\zGameServer_NA\GameServer\Release\rc.command.1.tlog
C:\Users\Administrador\Desktop\Source\zGameServer_NA\GameServer\Release\rc.read.1.tlog
C:\Users\Administrador\Desktop\Source\zGameServer_NA\GameServer\Release\rc.write.1.tlog
C:\USERS\ADMINISTRADOR\DESKTOP\SOURCE\ZGAMESERVER_NA\GAMESERVER\RELEASE\RESETSYSTEM.OBJ
C:\USERS\ADMINISTRADOR\DESKTOP\SOURCE\ZGAMESERVER_NA\GAMESERVER\RELEASE\RINGATTACKEVENT.OBJ
C:\USERS\ADMINISTRADOR\DESKTOP\SOURCE\ZGAMESERVER_NA\GAMESERVER\RELEASE\SCRIPTENCODE.OBJ
C:\USERS\ADMINISTRADOR\DESKTOP\SOURCE\ZGAMESERVER_NA\GAMESERVER\RELEASE\SETITEMMACRO.OBJ
C:\USERS\ADMINISTRADOR\DESKTOP\SOURCE\ZGAMESERVER_NA\GAMESERVER\RELEASE\SETITEMOPTION.OBJ
C:\USERS\ADMINISTRADOR\DESKTOP\SOURCE\ZGAMESERVER_NA\GAMESERVER\RELEASE\SHOP.OBJ
C:\USERS\ADMINISTRADOR\DESKTOP\SOURCE\ZGAMESERVER_NA\GAMESERVER\RELEASE\SHOPPOINTEX.OBJ
C:\USERS\ADMINISTRADOR\DESKTOP\SOURCE\ZGAMESERVER_NA\GAMESERVER\RELEASE\SKILLADDITIONINFO.OBJ
C:\USERS\ADMINISTRADOR\DESKTOP\SOURCE\ZGAMESERVER_NA\GAMESERVER\RELEASE\SKILLDELAY.OBJ
C:\USERS\ADMINISTRADOR\DESKTOP\SOURCE\ZGAMESERVER_NA\GAMESERVER\RELEASE\SKILLHITBOX.OBJ
C:\USERS\ADMINISTRADOR\DESKTOP\SOURCE\ZGAMESERVER_NA\GAMESERVER\RELEASE\SPROTOCOL.OBJ
C:\USERS\ADMINISTRADOR\DESKTOP\SOURCE\ZGAMESERVER_NA\GAMESERVER\RELEASE\STATMNG.OBJ
C:\USERS\ADMINISTRADOR\DESKTOP\SOURCE\ZGAMESERVER_NA\GAMESERVER\RELEASE\STDAFX.OBJ
C:\USERS\ADMINISTRADOR\DESKTOP\SOURCE\ZGAMESERVER_NA\GAMESERVER\RELEASE\TEMPORARYUSERMANAGER.OBJ
C:\USERS\ADMINISTRADOR\DESKTOP\SOURCE\ZGAMESERVER_NA\GAMESERVER\RELEASE\TMONSTERAI.OBJ
C:\USERS\ADMINISTRADOR\DESKTOP\SOURCE\ZGAMESERVER_NA\GAMESERVER\RELEASE\TMONSTERAIAGRO.OBJ
C:\USERS\ADMINISTRADOR\DESKTOP\SOURCE\ZGAMESERVER_NA\GAMESERVER\RELEASE\TMONSTERAIAUTOMATA.OBJ
C:\USERS\ADMINISTRADOR\DESKTOP\SOURCE\ZGAMESERVER_NA\GAMESERVER\RELEASE\TMONSTERAIELEMENT.OBJ
C:\USERS\ADMINISTRADOR\DESKTOP\SOURCE\ZGAMESERVER_NA\GAMESERVER\RELEASE\TMONSTERAIGROUP.OBJ
C:\USERS\ADMINISTRADOR\DESKTOP\SOURCE\ZGAMESERVER_NA\GAMESERVER\RELEASE\TMONSTERAIGROUPMEMBER.OBJ
C:\USERS\ADMINISTRADOR\DESKTOP\SOURCE\ZGAMESERVER_NA\GAMESERVER\RELEASE\TMONSTERAIMOVEPATH.OBJ
C:\USERS\ADMINISTRADOR\DESKTOP\SOURCE\ZGAMESERVER_NA\GAMESERVER\RELEASE\TMONSTERAIRULE.OBJ
C:\USERS\ADMINISTRADOR\DESKTOP\SOURCE\ZGAMESERVER_NA\GAMESERVER\RELEASE\TMONSTERAIRULEINFO.OBJ
C:\USERS\ADMINISTRADOR\DESKTOP\SOURCE\ZGAMESERVER_NA\GAMESERVER\RELEASE\TMONSTERAIUNIT.OBJ
C:\USERS\ADMINISTRADOR\DESKTOP\SOURCE\ZGAMESERVER_NA\GAMESERVER\RELEASE\TMONSTERAIUTIL.OBJ
C:\USERS\ADMINISTRADOR\DESKTOP\SOURCE\ZGAMESERVER_NA\GAMESERVER\RELEASE\TMONSTERSKILLELEMENT.OBJ
C:\USERS\ADMINISTRADOR\DESKTOP\SOURCE\ZGAMESERVER_NA\GAMESERVER\RELEASE\TMONSTERSKILLELEMENTINFO.OBJ
C:\USERS\ADMINISTRADOR\DESKTOP\SOURCE\ZGAMESERVER_NA\GAMESERVER\RELEASE\TMONSTERSKILLMANAGER.OBJ
C:\USERS\ADMINISTRADOR\DESKTOP\SOURCE\ZGAMESERVER_NA\GAMESERVER\RELEASE\TMONSTERSKILLUNIT.OBJ
C:\USERS\ADMINISTRADOR\DESKTOP\SOURCE\ZGAMESERVER_NA\GAMESERVER\RELEASE\TNOTICE.OBJ
C:\USERS\ADMINISTRADOR\DESKTOP\SOURCE\ZGAMESERVER_NA\GAMESERVER\RELEASE\TRANDOMPOOLMGR.OBJ
C:\USERS\ADMINISTRADOR\DESKTOP\SOURCE\ZGAMESERVER_NA\GAMESERVER\RELEASE\TSERVERINFODISPLAYER.OBJ
C:\USERS\ADMINISTRADOR\DESKTOP\SOURCE\ZGAMESERVER_NA\GAMESERVER\RELEASE\TSYNC.OBJ
C:\USERS\ADMINISTRADOR\DESKTOP\SOURCE\ZGAMESERVER_NA\GAMESERVER\RELEASE\TUNION.OBJ
C:\USERS\ADMINISTRADOR\DESKTOP\SOURCE\ZGAMESERVER_NA\GAMESERVER\RELEASE\TUNIONINFO.OBJ
C:\USERS\ADMINISTRADOR\DESKTOP\SOURCE\ZGAMESERVER_NA\GAMESERVER\RELEASE\TVTEVENT.OBJ
C:\USERS\ADMINISTRADOR\DESKTOP\SOURCE\ZGAMESERVER_NA\GAMESERVER\RELEASE\USER.OBJ
C:\USERS\ADMINISTRADOR\DESKTOP\SOURCE\ZGAMESERVER_NA\GAMESERVER\RELEASE\VC100.PDB
C:\USERS\ADMINISTRADOR\DESKTOP\SOURCE\ZGAMESERVER_NA\GAMESERVER\RELEASE\VIEWPORTGUILD.OBJ
C:\USERS\ADMINISTRADOR\DESKTOP\SOURCE\ZGAMESERVER_NA\GAMESERVER\RELEASE\WEAPON.OBJ
C:\USERS\ADMINISTRADOR\DESKTOP\SOURCE\ZGAMESERVER_NA\GAMESERVER\RELEASE\WHISPERCASH.OBJ
C:\USERS\ADMINISTRADOR\DESKTOP\SOURCE\ZGAMESERVER_NA\GAMESERVER\RELEASE\WINCONSOLE.OBJ
C:\USERS\ADMINISTRADOR\DESKTOP\SOURCE\ZGAMESERVER_NA\GAMESERVER\RELEASE\WINUTIL.OBJ
C:\USERS\ADMINISTRADOR\DESKTOP\SOURCE\ZGAMESERVER_NA\GAMESERVER\RELEASE\WSGAMESERVER.OBJ
C:\USERS\ADMINISTRADOR\DESKTOP\SOURCE\ZGAMESERVER_NA\GAMESERVER\RELEASE\WSJOINSERVERCLI.OBJ
C:\USERS\ADMINISTRADOR\DESKTOP\SOURCE\ZGAMESERVER_NA\GAMESERVER\RELEASE\WSSHOPSERVERCLI.OBJ
C:\USERS\ADMINISTRADOR\DESKTOP\SOURCE\ZGAMESERVER_NA\GAMESERVER\RELEASE\WZAG.OBJ
C:\USERS\ADMINISTRADOR\DESKTOP\SOURCE\ZGAMESERVER_NA\GAMESERVER\RELEASE\WZMEMSCRIPT.OBJ
C:\USERS\ADMINISTRADOR\DESKTOP\SOURCE\ZGAMESERVER_NA\GAMESERVER\RELEASE\WZMULTICASTSOCK.OBJ
C:\USERS\ADMINISTRADOR\DESKTOP\SOURCE\ZGAMESERVER_NA\GAMESERVER\RELEASE\WZQUEUE.OBJ
C:\USERS\ADMINISTRADOR\DESKTOP\SOURCE\ZGAMESERVER_NA\GAMESERVER\RELEASE\WZSCRIPTENCODE.OBJ
C:\USERS\ADMINISTRADOR\DESKTOP\SOURCE\ZGAMESERVER_NA\GAMESERVER\RELEASE\WZUDP.OBJ
C:\USERS\ADMINISTRADOR\DESKTOP\SOURCE\ZGAMESERVER_NA\GAMESERVER\RELEASE\XMASATTACKEVENT.OBJ
C:\USERS\ADMINISTRADOR\DESKTOP\SOURCE\ZGAMESERVER_NA\GAMESERVER\RELEASE\XMASATTACKEVENTDATA.OBJ
C:\USERS\ADMINISTRADOR\DESKTOP\SOURCE\ZGAMESERVER_NA\GAMESERVER\RELEASE\ZZZITEM.OBJ
C:\USERS\ADMINISTRADOR\DESKTOP\SOURCE\ZGAMESERVER_NA\GAMESERVER\RELEASE\ZZZMATHLIB.OBJ
