Compilación iniciada a las 28/03/2016 12:55:37 p.m..
     1>Proyecto "C:\Users\Administrador\Desktop\Source\zGameServer_NA\GGSvr\GGSvr.vcxproj" en el nodo 2 (build destinos).
     1>InitializeBuildStatus:
         Se creará ".\Release\GGSvr.unsuccessfulbuild" porque se especificó "AlwaysCreate".
       ClCompile:
         C:\Program Files (x86)\Microsoft Visual Studio 10.0\VC\bin\CL.exe /c /Zi /nologo /W3 /WX- /O2 /Oy- /D WIN32 /D NDEBUG /D _LIB /D GGSVR_EXPORTS /D _VC80_UPGRADE=0x0600 /D _MBCS /GF /Gm- /EHsc /MT /GS /Gy /fp:precise /Zc:wchar_t /Zc:forScope /Yc"stdafx.h" /Fp".\Release\GGSvr.pch" /Fo".\Release\\" /Fd".\Release\vc100.pdb" /Gd /TP /analyze- /errorReport:prompt StdAfx.cpp
         StdAfx.cpp
         C:\Program Files (x86)\Microsoft Visual Studio 10.0\VC\bin\CL.exe /c /Zi /nologo /W3 /WX- /O2 /Oy- /D WIN32 /D NDEBUG /D _LIB /D GGSVR_EXPORTS /D _VC80_UPGRADE=0x0600 /D _MBCS /GF /Gm- /EHsc /MT /GS /Gy /fp:precise /Zc:wchar_t /Zc:forScope /Yu"stdafx.h" /Fp".\Release\GGSvr.pch" /Fo".\Release\\" /Fd".\Release\vc100.pdb" /Gd /TP /analyze- /errorReport:prompt CSAuth2.cpp GGSvr.cpp
         CSAuth2.cpp
     1>CSAuth2.cpp(21): warning C4244: 'argumento' : conversión de 'time_t' a 'unsigned int'; posible pérdida de datos
     1>CSAuth2.cpp(50): warning C4244: 'argumento' : conversión de 'time_t' a 'unsigned int'; posible pérdida de datos
         GGSvr.cpp
     1>GGSvr.cpp(27): warning C4996: 'strcpy': This function or variable may be unsafe. Consider using strcpy_s instead. To disable deprecation, use _CRT_SECURE_NO_WARNINGS. See online help for details.
                 C:\Program Files (x86)\Microsoft Visual Studio 10.0\VC\include\string.h(105) : vea la declaración de 'strcpy'
     1>GGSvr.cpp(31): warning C4996: 'sprintf': This function or variable may be unsafe. Consider using sprintf_s instead. To disable deprecation, use _CRT_SECURE_NO_WARNINGS. See online help for details.
                 C:\Program Files (x86)\Microsoft Visual Studio 10.0\VC\include\stdio.h(371) : vea la declaración de 'sprintf'
     1>GGSvr.cpp(77): warning C4996: 'sprintf': This function or variable may be unsafe. Consider using sprintf_s instead. To disable deprecation, use _CRT_SECURE_NO_WARNINGS. See online help for details.
                 C:\Program Files (x86)\Microsoft Visual Studio 10.0\VC\include\stdio.h(371) : vea la declaración de 'sprintf'
         Generando código...
       Lib:
         C:\Program Files (x86)\Microsoft Visual Studio 10.0\VC\bin\Lib.exe /OUT:".\Release\GGSvr.lib" /NOLOGO .\Release\CSAuth2.obj
         .\Release\GGSvr.obj
         .\Release\StdAfx.obj
         GGSvr.vcxproj -> C:\Users\Administrador\Desktop\Source\zGameServer_NA\GGSvr\.\Release\GGSvr.lib
       FinalizeBuildStatus:
         Se eliminará el archivo ".\Release\GGSvr.unsuccessfulbuild".
         Aplicando tarea Touch a ".\Release\GGSvr.lastbuildstate".
     1>Compilación del proyecto terminada "C:\Users\Administrador\Desktop\Source\zGameServer_NA\GGSvr\GGSvr.vcxproj" (build destinos).

Compilación correcta.

Tiempo transcurrido 00:00:00.81
