Compilación iniciada a las 28/03/2016 12:50:17 p.m..
     1>Proyecto "C:\Users\Administrador\Desktop\Source\zGameServer_NA\GGSvr\GGSvr.vcxproj" en el nodo 2 (build destinos).
     1>InitializeBuildStatus:
         Se creará ".\Debug\GGSvr.unsuccessfulbuild" porque se especificó "AlwaysCreate".
       ClCompile:
         C:\Program Files (x86)\Microsoft Visual Studio 10.0\VC\bin\CL.exe /c /ZI /nologo /W3 /WX- /Od /Oy- /D WIN32 /D _DEBUG /D _LIB /D _VC80_UPGRADE=0x0600 /D _MBCS /Gm /EHsc /RTC1 /MTd /GS /Gy- /fp:precise /Zc:wchar_t /Zc:forScope /Yc"stdafx.h" /Fp".\Debug\GGSvr.pch" /Fo".\Debug\\" /Fd".\Debug\vc100.pdb" /Gd /TP /analyze- /errorReport:prompt StdAfx.cpp
         StdAfx.cpp
         C:\Program Files (x86)\Microsoft Visual Studio 10.0\VC\bin\CL.exe /c /ZI /nologo /W3 /WX- /Od /Oy- /D WIN32 /D _DEBUG /D _LIB /D _VC80_UPGRADE=0x0600 /D _MBCS /Gm /EHsc /RTC1 /MTd /GS /Gy- /fp:precise /Zc:wchar_t /Zc:forScope /Yu"stdafx.h" /Fp".\Debug\GGSvr.pch" /Fo".\Debug\\" /Fd".\Debug\vc100.pdb" /Gd /TP /analyze- /errorReport:prompt CSAuth2.cpp GGSvr.cpp
         GGSvr.cpp
     1>c:\users\administrador\desktop\source\zgameserver_na\ggsvr\ggsvr.cpp(27): warning C4996: 'strcpy': This function or variable may be unsafe. Consider using strcpy_s instead. To disable deprecation, use _CRT_SECURE_NO_WARNINGS. See online help for details.
                 c:\program files (x86)\microsoft visual studio 10.0\vc\include\string.h(105) : vea la declaración de 'strcpy'
     1>c:\users\administrador\desktop\source\zgameserver_na\ggsvr\ggsvr.cpp(31): warning C4996: 'sprintf': This function or variable may be unsafe. Consider using sprintf_s instead. To disable deprecation, use _CRT_SECURE_NO_WARNINGS. See online help for details.
                 c:\program files (x86)\microsoft visual studio 10.0\vc\include\stdio.h(371) : vea la declaración de 'sprintf'
     1>c:\users\administrador\desktop\source\zgameserver_na\ggsvr\ggsvr.cpp(77): warning C4996: 'sprintf': This function or variable may be unsafe. Consider using sprintf_s instead. To disable deprecation, use _CRT_SECURE_NO_WARNINGS. See online help for details.
                 c:\program files (x86)\microsoft visual studio 10.0\vc\include\stdio.h(371) : vea la declaración de 'sprintf'
         CSAuth2.cpp
     1>c:\users\administrador\desktop\source\zgameserver_na\ggsvr\csauth2.cpp(21): warning C4244: 'argumento' : conversión de 'time_t' a 'unsigned int'; posible pérdida de datos
     1>c:\users\administrador\desktop\source\zgameserver_na\ggsvr\csauth2.cpp(50): warning C4244: 'argumento' : conversión de 'time_t' a 'unsigned int'; posible pérdida de datos
         Generando código...
       Lib:
         C:\Program Files (x86)\Microsoft Visual Studio 10.0\VC\bin\Lib.exe /OUT:".\Debug\GGSvr.lib" /NOLOGO .\Debug\CSAuth2.obj
         .\Debug\GGSvr.obj
         .\Debug\StdAfx.obj
         GGSvr.vcxproj -> C:\Users\Administrador\Desktop\Source\zGameServer_NA\GGSvr\.\Debug\GGSvr.lib
       FinalizeBuildStatus:
         Se eliminará el archivo ".\Debug\GGSvr.unsuccessfulbuild".
         Aplicando tarea Touch a ".\Debug\GGSvr.lastbuildstate".
     1>Compilación del proyecto terminada "C:\Users\Administrador\Desktop\Source\zGameServer_NA\GGSvr\GGSvr.vcxproj" (build destinos).

Compilación correcta.

Tiempo transcurrido 00:00:02.12
