Compilación iniciada a las 28/03/2016 12:54:16 p.m..
     1>Proyecto "C:\Users\Administrador\Desktop\Source\zGameServer_NA\SimpleModulus\SimpleModulus.vcxproj" en el nodo 2 (build destinos).
       El archivo del proyecto contiene ToolsVersion="12.0", que esta versión de MSBuild no admite. Se tratará el proyecto como si contuviera ToolsVersion="4.0".
     1>InitializeBuildStatus:
         Se creará ".\Debug\SimpleModulus.unsuccessfulbuild" porque se especificó "AlwaysCreate".
       ClCompile:
         C:\Program Files (x86)\Microsoft Visual Studio 10.0\VC\bin\CL.exe /c /ZI /nologo /W3 /WX- /Od /Oy- /D WIN32 /D _DEBUG /D _LIB /D _VC80_UPGRADE=0x0600 /D _MBCS /Gm /EHsc /RTC1 /MTd /GS /fp:precise /Zc:wchar_t /Zc:forScope /Yc"stdafx.h" /Fp".\Debug/SimpleModulus.pch" /Fo".\Debug/" /Fd".\Debug/vc100.pdb" /Gd /TP /analyze- /errorReport:prompt StdAfx.cpp
         StdAfx.cpp
         C:\Program Files (x86)\Microsoft Visual Studio 10.0\VC\bin\CL.exe /c /ZI /nologo /W3 /WX- /Od /Oy- /D WIN32 /D _DEBUG /D _LIB /D _VC80_UPGRADE=0x0600 /D _MBCS /Gm /EHsc /RTC1 /MTd /GS /fp:precise /Zc:wchar_t /Zc:forScope /Yu"stdafx.h" /Fp".\Debug/SimpleModulus.pch" /Fo".\Debug/" /Fd".\Debug/vc100.pdb" /Gd /TP /analyze- /errorReport:prompt SimpleModulus.cpp
         SimpleModulus.cpp
     1>c:\users\administrador\desktop\source\zgameserver_na\simplemodulus\simplemodulus.cpp(164): warning C4244: '=' : conversión de 'DWORD' a 'WORD'; posible pérdida de datos
       Lib:
         C:\Program Files (x86)\Microsoft Visual Studio 10.0\VC\bin\Lib.exe /OUT:".\Debug\SimpleModulus.lib" /NOLOGO .\Debug/SimpleModulus.obj
         .\Debug/StdAfx.obj
         SimpleModulus.vcxproj -> C:\Users\Administrador\Desktop\Source\zGameServer_NA\SimpleModulus\.\Debug\SimpleModulus.lib
       FinalizeBuildStatus:
         Se eliminará el archivo ".\Debug\SimpleModulus.unsuccessfulbuild".
         Aplicando tarea Touch a ".\Debug\SimpleModulus.lastbuildstate".
     1>Compilación del proyecto terminada "C:\Users\Administrador\Desktop\Source\zGameServer_NA\SimpleModulus\SimpleModulus.vcxproj" (build destinos).

Compilación correcta.

Tiempo transcurrido 00:00:01.92
