Compilación iniciada a las 28/03/2016 12:55:13 p.m..
     1>Proyecto "C:\Users\Administrador\Desktop\Source\zGameServer_NA\SimpleModulus\SimpleModulus.vcxproj" en el nodo 2 (build destinos).
       El archivo del proyecto contiene ToolsVersion="12.0", que esta versión de MSBuild no admite. Se tratará el proyecto como si contuviera ToolsVersion="4.0".
     1>InitializeBuildStatus:
         Se creará ".\Release\SimpleModulus.unsuccessfulbuild" porque se especificó "AlwaysCreate".
       ClCompile:
         C:\Program Files (x86)\Microsoft Visual Studio 10.0\VC\bin\CL.exe /c /Zi /nologo /W3 /WX- /O2 /Ob1 /Oy- /D WIN32 /D NDEBUG /D _LIB /D _VC80_UPGRADE=0x0600 /D _MBCS /GF /Gm- /EHsc /MT /GS /Gy /fp:precise /Zc:wchar_t /Zc:forScope /Yc"stdafx.h" /Fp".\Release/SimpleModulus.pch" /Fo".\Release/" /Fd".\Release/vc100.pdb" /Gd /TP /analyze- /errorReport:prompt StdAfx.cpp
         StdAfx.cpp
         C:\Program Files (x86)\Microsoft Visual Studio 10.0\VC\bin\CL.exe /c /Zi /nologo /W3 /WX- /O2 /Ob1 /Oy- /D WIN32 /D NDEBUG /D _LIB /D _VC80_UPGRADE=0x0600 /D _MBCS /GF /Gm- /EHsc /MT /GS /Gy /fp:precise /Zc:wchar_t /Zc:forScope /Yu"stdafx.h" /Fp".\Release/SimpleModulus.pch" /Fo".\Release/" /Fd".\Release/vc100.pdb" /Gd /TP /analyze- /errorReport:prompt SimpleModulus.cpp
         SimpleModulus.cpp
     1>SimpleModulus.cpp(164): warning C4244: '=' : conversión de 'DWORD' a 'WORD'; posible pérdida de datos
       Lib:
         C:\Program Files (x86)\Microsoft Visual Studio 10.0\VC\bin\Lib.exe /OUT:".\Release\SimpleModulus.lib" /NOLOGO .\Release/SimpleModulus.obj
         .\Release/StdAfx.obj
         SimpleModulus.vcxproj -> C:\Users\Administrador\Desktop\Source\zGameServer_NA\SimpleModulus\.\Release\SimpleModulus.lib
       FinalizeBuildStatus:
         Se eliminará el archivo ".\Release\SimpleModulus.unsuccessfulbuild".
         Aplicando tarea Touch a ".\Release\SimpleModulus.lastbuildstate".
     1>Compilación del proyecto terminada "C:\Users\Administrador\Desktop\Source\zGameServer_NA\SimpleModulus\SimpleModulus.vcxproj" (build destinos).

Compilación correcta.

Tiempo transcurrido 00:00:00.94
