Compilación iniciada a las 28/03/2016 12:56:02 p.m..
     1>Proyecto "C:\Users\Administrador\Desktop\Source\zGameServer_NA\MuMsg\MuMsg.vcxproj" en el nodo 2 (build destinos).
     1>InitializeBuildStatus:
         Se creará ".\Release\MuMsg.unsuccessfulbuild" porque se especificó "AlwaysCreate".
       ClCompile:
         C:\Program Files (x86)\Microsoft Visual Studio 10.0\VC\bin\CL.exe /c /Zi /nologo /W3 /WX- /O2 /Oy- /D WIN32 /D NDEBUG /D _WINDOWS /D _USRDLL /D MUMSG_EXPORTS /D _VC80_UPGRADE=0x0600 /D _WINDLL /D _MBCS /GF /Gm- /EHsc /MD /GS /Gy /fp:precise /Zc:wchar_t /Zc:forScope /Yc"stdafx.h" /Fp".\Release\MuMsg.pch" /Fo".\Release\\" /Fd".\Release\vc100.pdb" /FR".\Release\\" /Gd /TP /analyze- /errorReport:prompt StdAfx.cpp
         StdAfx.cpp
         C:\Program Files (x86)\Microsoft Visual Studio 10.0\VC\bin\CL.exe /c /Zi /nologo /W3 /WX- /O2 /Oy- /D WIN32 /D NDEBUG /D _WINDOWS /D _USRDLL /D MUMSG_EXPORTS /D _VC80_UPGRADE=0x0600 /D _WINDLL /D _MBCS /GF /Gm- /EHsc /MD /GS /Gy /fp:precise /Zc:wchar_t /Zc:forScope /Yu"stdafx.h" /Fp".\Release\MuMsg.pch" /Fo".\Release\\" /Fd".\Release\vc100.pdb" /FR".\Release\\" /Gd /TP /analyze- /errorReport:prompt HookClass.cpp MuMsg.cpp
         HookClass.cpp
     1>HookClass.cpp(24): warning C4333: '>>' : desplazamiento a la derecha muy grande; se perderán datos
     1>HookClass.cpp(24): warning C4333: '>>' : desplazamiento a la derecha muy grande; se perderán datos
     1>HookClass.cpp(24): warning C4333: '>>' : desplazamiento a la derecha muy grande; se perderán datos
     1>HookClass.cpp(28): error C2065: 'i' : identificador no declarado
     1>HookClass.cpp(64): error C2533: 'HookClass::{ctor}' : los constructores no permiten un tipo de valor devuelto
         MuMsg.cpp
     1>MuMsg.cpp(33): warning C4996: 'strcpy': This function or variable may be unsafe. Consider using strcpy_s instead. To disable deprecation, use _CRT_SECURE_NO_WARNINGS. See online help for details.
                 C:\Program Files (x86)\Microsoft Visual Studio 10.0\VC\include\string.h(105) : vea la declaración de 'strcpy'
     1>MuMsg.cpp(94): warning C4996: 'fopen': This function or variable may be unsafe. Consider using fopen_s instead. To disable deprecation, use _CRT_SECURE_NO_WARNINGS. See online help for details.
                 C:\Program Files (x86)\Microsoft Visual Studio 10.0\VC\include\stdio.h(234) : vea la declaración de 'fopen'
     1>MuMsg.cpp(183): warning C4996: 'strcpy': This function or variable may be unsafe. Consider using strcpy_s instead. To disable deprecation, use _CRT_SECURE_NO_WARNINGS. See online help for details.
                 C:\Program Files (x86)\Microsoft Visual Studio 10.0\VC\include\string.h(105) : vea la declaración de 'strcpy'
         Generando código...
     1>Compilación del proyecto terminada "C:\Users\Administrador\Desktop\Source\zGameServer_NA\MuMsg\MuMsg.vcxproj" (build destinos) -- ERROR.

ERROR al compilar.

Tiempo transcurrido 00:00:01.08
